Generated at 2016-06-13 14:30:37 +0100
Net::HTTPFatalError: 500 "Internal Server Error"
/Users/ben/.rbenv/versions/2.1.1/lib/ruby/2.1.0/net/http/response.rb:119:in `error!'
/Users/ben/.rbenv/versions/2.1.1/lib/ruby/gems/2.1.0/gems/chef-12.11.18/lib/chef/http.rb:146:in `request'
/Users/ben/.rbenv/versions/2.1.1/lib/ruby/gems/2.1.0/gems/chef-12.11.18/lib/chef/http.rb:127:in `post'
/Users/ben/.rbenv/versions/2.1.1/lib/ruby/gems/2.1.0/gems/chef-12.11.18/lib/chef/node.rb:639:in `create'
/Users/ben/.rbenv/versions/2.1.1/lib/ruby/gems/2.1.0/gems/chef-12.11.18/lib/chef/node.rb:592:in `rescue in find_or_create'
/Users/ben/.rbenv/versions/2.1.1/lib/ruby/gems/2.1.0/gems/chef-12.11.18/lib/chef/node.rb:588:in `find_or_create'
/Users/ben/.rbenv/versions/2.1.1/lib/ruby/gems/2.1.0/gems/chef-12.11.18/lib/chef/policy_builder/dynamic.rb:72:in `load_node'
/Users/ben/.rbenv/versions/2.1.1/lib/ruby/gems/2.1.0/gems/chef-12.11.18/lib/chef/client.rb:467:in `load_node'
/Users/ben/.rbenv/versions/2.1.1/lib/ruby/gems/2.1.0/gems/chef-12.11.18/lib/chef/client.rb:269:in `run'
/Users/ben/.rbenv/versions/2.1.1/lib/ruby/gems/2.1.0/gems/chef-12.11.18/lib/chef/application.rb:286:in `block in fork_chef_client'
/Users/ben/.rbenv/versions/2.1.1/lib/ruby/gems/2.1.0/gems/chef-12.11.18/lib/chef/application.rb:274:in `fork'
/Users/ben/.rbenv/versions/2.1.1/lib/ruby/gems/2.1.0/gems/chef-12.11.18/lib/chef/application.rb:274:in `fork_chef_client'
/Users/ben/.rbenv/versions/2.1.1/lib/ruby/gems/2.1.0/gems/chef-12.11.18/lib/chef/application.rb:239:in `block in run_chef_client'
/Users/ben/.rbenv/versions/2.1.1/lib/ruby/gems/2.1.0/gems/chef-12.11.18/lib/chef/local_mode.rb:44:in `with_server_connectivity'
/Users/ben/.rbenv/versions/2.1.1/lib/ruby/gems/2.1.0/gems/chef-12.11.18/lib/chef/application.rb:227:in `run_chef_client'
/Users/ben/.rbenv/versions/2.1.1/lib/ruby/gems/2.1.0/gems/chef-12.11.18/lib/chef/application/client.rb:456:in `sleep_then_run_chef_client'
/Users/ben/.rbenv/versions/2.1.1/lib/ruby/gems/2.1.0/gems/chef-12.11.18/lib/chef/application/client.rb:443:in `block in interval_run_chef_client'
/Users/ben/.rbenv/versions/2.1.1/lib/ruby/gems/2.1.0/gems/chef-12.11.18/lib/chef/application/client.rb:442:in `loop'
/Users/ben/.rbenv/versions/2.1.1/lib/ruby/gems/2.1.0/gems/chef-12.11.18/lib/chef/application/client.rb:442:in `interval_run_chef_client'
/Users/ben/.rbenv/versions/2.1.1/lib/ruby/gems/2.1.0/gems/chef-12.11.18/lib/chef/application/client.rb:426:in `run_application'
/Users/ben/.rbenv/versions/2.1.1/lib/ruby/gems/2.1.0/gems/chef-12.11.18/lib/chef/application.rb:59:in `run'
/Users/ben/.rbenv/versions/2.1.1/lib/ruby/gems/2.1.0/gems/chef-12.11.18/bin/chef-client:26:in `<top (required)>'
/Users/ben/.rbenv/versions/2.1.1/bin/chef-client:23:in `load'
/Users/ben/.rbenv/versions/2.1.1/bin/chef-client:23:in `<main>'